# JRE version: Java(TM) SE Runtime Environment (10.0+46) (build 10+46)
# Java VM: Java HotSpot(TM) 64-Bit Server VM (10+46, mixed mode, tiered, compressed oops, g1 gc, bsd-amd64)
Heap:
 garbage-first heap   total 262144K, used 25876K [0x00000006c0000000, 0x00000007c0000000)
  region size 1024K, 22 young (22528K), 1 survivors (1024K)
 Metaspace       used 13747K, capacity 13965K, committed 14080K, reserved 1060864K
  class space    used 1611K, capacity 1691K, committed 1792K, reserved 1048576K
GC Heap History (6 events):
Event: 4.999 GC heap before
{Heap before GC invocations=0 (full 0):
 garbage-first heap   total 262144K, used 12288K [0x00000006c0000000, 0x00000007c0000000)
  region size 1024K, 12 young (12288K), 0 survivors (0K)
 Metaspace       used 7970K, capacity 8102K, committed 8192K, reserved 1056768K
  class space    used 704K, capacity 764K, committed 768K, reserved 1048576K
}
Event: 5.011 GC heap after
{Heap after GC invocations=1 (full 0):
 garbage-first heap   total 262144K, used 4545K [0x00000006c0000000, 0x00000007c0000000)
  region size 1024K, 2 young (2048K), 2 survivors (2048K)
 Metaspace       used 7970K, capacity 8102K, committed 8192K, reserved 1056768K
  class space    used 704K, capacity 764K, committed 768K, reserved 1048576K
}
Event: 5.728 GC heap before
{Heap before GC invocations=1 (full 0):
 garbage-first heap   total 262144K, used 14785K [0x00000006c0000000, 0x00000007c0000000)
  region size 1024K, 12 young (12288K), 2 survivors (2048K)
 Metaspace       used 9725K, capacity 9886K, committed 9984K, reserved 1058816K
  class space    used 935K, capacity 995K, committed 1024K, reserved 1048576K
}
Event: 5.736 GC heap after
{Heap after GC invocations=2 (full 0):
 garbage-first heap   total 262144K, used 5223K [0x00000006c0000000, 0x00000007c0000000)
  region size 1024K, 1 young (1024K), 1 survivors (1024K)
 Metaspace       used 9725K, capacity 9886K, committed 9984K, reserved 1058816K
  class space    used 935K, capacity 995K, committed 1024K, reserved 1048576K
}
Event: 6.124 GC heap before
{Heap before GC invocations=2 (full 0):
 garbage-first heap   total 262144K, used 16487K [0x00000006c0000000, 0x00000007c0000000)
  region size 1024K, 12 young (12288K), 1 survivors (1024K)
 Metaspace       used 11242K, capacity 11396K, committed 11648K, reserved 1058816K
  class space    used 1215K, capacity 1284K, committed 1408K, reserved 1048576K
}
Event: 6.127 GC heap after
{Heap after GC invocations=3 (full 0):
 garbage-first heap   total 262144K, used 5396K [0x00000006c0000000, 0x00000007c0000000)
  region size 1024K, 1 young (1024K), 1 survivors (1024K)
 Metaspace       used 11242K, capacity 11396K, committed 11648K, reserved 1058816K
  class space    used 1215K, capacity 1284K, committed 1408K, reserved 1048576K
}

